<?xml version="1.0" encoding="UTF-8"?>
<testsuite name="ErrorHandlingTest" tests="11" skipped="0" failures="0" errors="0" timestamp="2023-12-18T15:26:01" hostname="KANNAPI-NODE" time="0.051">
  <properties/>
  <testcase name="testThrowIllegalArgumentExceptionWithDetailMessage" classname="ErrorHandlingTest" time="0.046"/>
  <testcase name="testReturnOptionalInstance" classname="ErrorHandlingTest" time="0.001"/>
  <testcase name="testThrowCustomUncheckedException" classname="ErrorHandlingTest" time="0.001"/>
  <testcase name="testThrowCustomCheckedExceptionWithDetailMessage" classname="ErrorHandlingTest" time="0.0"/>
  <testcase name="testThrowCustomUncheckedExceptionWithDetailMessage" classname="ErrorHandlingTest" time="0.0"/>
  <testcase name="testThrowIllegalArgumentException" classname="ErrorHandlingTest" time="0.001"/>
  <testcase name="testThrowAnyUncheckedException" classname="ErrorHandlingTest" time="0.0"/>
  <testcase name="testThrowAnyCheckedExceptionWithDetailMessage" classname="ErrorHandlingTest" time="0.0"/>
  <testcase name="testThrowAnyCheckedException" classname="ErrorHandlingTest" time="0.001"/>
  <testcase name="testThrowAnyUncheckedExceptionWithDetailMessage" classname="ErrorHandlingTest" time="0.0"/>
  <testcase name="testThrowCustomCheckedException" classname="ErrorHandlingTest" time="0.0"/>
  <system-out><![CDATA[]]></system-out>
  <system-err><![CDATA[]]></system-err>
</testsuite>
