<?xml version="1.0" encoding="UTF-8"?>
<testsuite name="ResistorColorTest" tests="4" skipped="0" failures="0" errors="0" timestamp="2023-12-18T13:32:33" hostname="KANNAPI-NODE" time="0.047">
  <properties/>
  <testcase name="testWhiteColorCode" classname="ResistorColorTest" time="0.039"/>
  <testcase name="testColors" classname="ResistorColorTest" time="0.008"/>
  <testcase name="testBlackColorCode" classname="ResistorColorTest" time="0.0"/>
  <testcase name="testOrangeColorCode" classname="ResistorColorTest" time="0.0"/>
  <system-out><![CDATA[]]></system-out>
  <system-err><![CDATA[]]></system-err>
</testsuite>
